build/app/intermediates/manifest_merge_blame_file/debug/manifest-merger-blame-debug-report.txt
1<?xml version="1.0" encoding="utf-8"?>
2<manifest xmlns:android="http://schemas.android.com/apk/res/android"
3    package="com.foodzone.delivery_boy"
4    android:versionCode="2"
5    android:versionName="2.0" >
6
7    <uses-sdk
8        android:minSdkVersion="20"
9        android:targetSdkVersion="29" />
10    <!--
11         Flutter needs it to communicate with the running application
12         to allow setting breakpoints, to provide hot reload, etc.
13    -->
14    <uses-permission android:name="android.permission.INTERNET" />
14-->src\main\AndroidManifest.xml:5:5-66
14-->src\main\AndroidManifest.xml:5:22-64
15    <uses-permission android:name="android.permission.ACCESS_FINE_LOCATION" />
15-->src\main\AndroidManifest.xml:3:5-79
15-->src\main\AndroidManifest.xml:3:22-76
16    <uses-permission android:name="android.permission.CAMERA" />
16-->src\main\AndroidManifest.xml:4:5-64
16-->src\main\AndroidManifest.xml:4:22-62
17    <uses-permission android:name="android.permission.RECEIVE_BOOT_COMPLETED" />
17-->src\main\AndroidManifest.xml:6:5-80
17-->src\main\AndroidManifest.xml:6:22-78
18    <uses-permission android:name="android.permission.VIBRATE" />
18-->src\main\AndroidManifest.xml:7:5-66
18-->src\main\AndroidManifest.xml:7:22-63
19    <uses-permission android:name="android.permission.WAKE_LOCK" />
19-->src\main\AndroidManifest.xml:8:5-68
19-->src\main\AndroidManifest.xml:8:22-65
20    <uses-permission android:name="android.permission.ACCESS_NETWORK_STATE" />
20-->[:firebase_messaging] AndroidManifest.xml:9:5-79
20-->[:firebase_messaging] AndroidManifest.xml:9:22-76
21
22    <queries>
22-->[:map_launcher] AndroidManifest.xml:7:5-23:15
23        <package android:name="com.google.android.apps.maps" />
23-->[:map_launcher] AndroidManifest.xml:8:9-64
23-->[:map_launcher] AndroidManifest.xml:8:18-61
24        <package android:name="com.google.android.apps.mapslite" />
24-->[:map_launcher] AndroidManifest.xml:9:9-68
24-->[:map_launcher] AndroidManifest.xml:9:18-65
25        <package android:name="com.autonavi.minimap" />
25-->[:map_launcher] AndroidManifest.xml:10:9-56
25-->[:map_launcher] AndroidManifest.xml:10:18-53
26        <package android:name="com.baidu.BaiduMap" />
26-->[:map_launcher] AndroidManifest.xml:11:9-54
26-->[:map_launcher] AndroidManifest.xml:11:18-51
27        <package android:name="com.waze" />
27-->[:map_launcher] AndroidManifest.xml:12:9-44
27-->[:map_launcher] AndroidManifest.xml:12:18-41
28        <package android:name="ru.yandex.yandexnavi" />
28-->[:map_launcher] AndroidManifest.xml:13:9-56
28-->[:map_launcher] AndroidManifest.xml:13:18-53
29        <package android:name="ru.yandex.yandexmaps" />
29-->[:map_launcher] AndroidManifest.xml:14:9-56
29-->[:map_launcher] AndroidManifest.xml:14:18-53
30        <package android:name="com.citymapper.app.release" />
30-->[:map_launcher] AndroidManifest.xml:15:9-62
30-->[:map_launcher] AndroidManifest.xml:15:18-59
31        <package android:name="com.mapswithme.maps.pro" />
31-->[:map_launcher] AndroidManifest.xml:16:9-59
31-->[:map_launcher] AndroidManifest.xml:16:18-56
32        <package android:name="net.osmand" />
32-->[:map_launcher] AndroidManifest.xml:17:9-46
32-->[:map_launcher] AndroidManifest.xml:17:18-43
33        <package android:name="net.osmand.plus" />
33-->[:map_launcher] AndroidManifest.xml:18:9-51
33-->[:map_launcher] AndroidManifest.xml:18:18-48
34        <package android:name="ru.dublgis.dgismobile" />
34-->[:map_launcher] AndroidManifest.xml:19:9-57
34-->[:map_launcher] AndroidManifest.xml:19:18-54
35        <package android:name="com.tencent.map" />
35-->[:map_launcher] AndroidManifest.xml:20:9-51
35-->[:map_launcher] AndroidManifest.xml:20:18-48
36        <package android:name="com.here.app.maps" />
36-->[:map_launcher] AndroidManifest.xml:21:9-53
36-->[:map_launcher] AndroidManifest.xml:21:18-50
37        <package android:name="com.huawei.maps.app" />
37-->[:map_launcher] AndroidManifest.xml:22:9-55
37-->[:map_launcher] AndroidManifest.xml:22:18-52
38    </queries>
39
40    <uses-permission android:name="android.permission.USE_FULL_SCREEN_INTENT" />
40-->[:flutter_local_notifications] AndroidManifest.xml:9:5-81
40-->[:flutter_local_notifications] AndroidManifest.xml:9:22-78
41    <uses-permission android:name="android.permission.SCHEDULE_EXACT_ALARM" />
41-->[:flutter_local_notifications] AndroidManifest.xml:10:5-79
41-->[:flutter_local_notifications] AndroidManifest.xml:10:22-76
42    <uses-permission android:name="android.permission.ACCESS_COARSE_LOCATION" /> <!-- Required by older versions of Google Play services to create IID tokens -->
42-->[:location] AndroidManifest.xml:7:5-81
42-->[:location] AndroidManifest.xml:7:22-78
43    <uses-permission android:name="com.google.android.c2dm.permission.RECEIVE" />
43-->[com.google.firebase:firebase-messaging:23.0.0] AndroidManifest.xml:25:5-82
43-->[com.google.firebase:firebase-messaging:23.0.0] AndroidManifest.xml:25:22-79
44
45    <uses-feature
45-->[com.google.android.gms:play-services-maps:17.0.0] AndroidManifest.xml:26:5-28:35
46        android:glEsVersion="0x00020000"
46-->[com.google.android.gms:play-services-maps:17.0.0] AndroidManifest.xml:27:9-41
47        android:required="true" /> <!-- Don't require camera, as this requires a rear camera. This allows it to work on the Nexus 7 -->
47-->[com.google.android.gms:play-services-maps:17.0.0] AndroidManifest.xml:28:9-32
48    <uses-feature
48-->[com.journeyapps:zxing-android-embedded:4.3.0] AndroidManifest.xml:25:5-27:36
49        android:name="android.hardware.camera"
49-->[com.journeyapps:zxing-android-embedded:4.3.0] AndroidManifest.xml:26:9-47
50        android:required="false" />
50-->[com.journeyapps:zxing-android-embedded:4.3.0] AndroidManifest.xml:27:9-33
51    <uses-feature
51-->[com.journeyapps:zxing-android-embedded:4.3.0] AndroidManifest.xml:28:5-30:36
52        android:name="android.hardware.camera.front"
52-->[com.journeyapps:zxing-android-embedded:4.3.0] AndroidManifest.xml:29:9-53
53        android:required="false" /> <!-- TODO replace above two with next line after Android 4.2 -->
53-->[com.journeyapps:zxing-android-embedded:4.3.0] AndroidManifest.xml:30:9-33
54    <!-- <uses-feature android:name="android.hardware.camera.any"/> -->
55    <uses-feature
55-->[com.journeyapps:zxing-android-embedded:4.3.0] AndroidManifest.xml:33:5-35:36
56        android:name="android.hardware.camera.autofocus"
56-->[com.journeyapps:zxing-android-embedded:4.3.0] AndroidManifest.xml:34:9-57
57        android:required="false" />
57-->[com.journeyapps:zxing-android-embedded:4.3.0] AndroidManifest.xml:35:9-33
58    <uses-feature
58-->[com.journeyapps:zxing-android-embedded:4.3.0] AndroidManifest.xml:36:5-38:36
59        android:name="android.hardware.camera.flash"
59-->[com.journeyapps:zxing-android-embedded:4.3.0] AndroidManifest.xml:37:9-53
60        android:required="false" />
60-->[com.journeyapps:zxing-android-embedded:4.3.0] AndroidManifest.xml:38:9-33
61    <uses-feature
61-->[com.journeyapps:zxing-android-embedded:4.3.0] AndroidManifest.xml:39:5-41:36
62        android:name="android.hardware.screen.landscape"
62-->[com.journeyapps:zxing-android-embedded:4.3.0] AndroidManifest.xml:40:9-57
63        android:required="false" />
63-->[com.journeyapps:zxing-android-embedded:4.3.0] AndroidManifest.xml:41:9-33
64    <uses-feature
64-->[com.journeyapps:zxing-android-embedded:4.3.0] AndroidManifest.xml:42:5-44:36
65        android:name="android.hardware.wifi"
65-->[com.journeyapps:zxing-android-embedded:4.3.0] AndroidManifest.xml:43:9-45
66        android:required="false" />
66-->[com.journeyapps:zxing-android-embedded:4.3.0] AndroidManifest.xml:44:9-33
67
68    <application
68-->src\main\AndroidManifest.xml:15:5-48:19
69        android:appComponentFactory="androidx.core.app.CoreComponentFactory"
69-->[androidx.core:core:1.7.0] AndroidManifest.xml:24:18-86
70        android:debuggable="true"
71        android:icon="@mipmap/ic_launcher"
71-->src\main\AndroidManifest.xml:17:9-43
72        android:label="delivery_boy" >
72-->src\main\AndroidManifest.xml:16:9-37
73        <meta-data
73-->src\main\AndroidManifest.xml:18:9-19:64
74            android:name="com.google.android.geo.API_KEY"
74-->src\main\AndroidManifest.xml:18:20-65
75            android:value="AIzaSyC_jtk7R4VRNR3d1xxxxxxxxx" />
75-->src\main\AndroidManifest.xml:19:16-62
76
77        <activity
77-->src\main\AndroidManifest.xml:20:9-35:20
78            android:name="com.example.delivery_boy.MainActivity"
78-->src\main\AndroidManifest.xml:21:13-41
79            android:configChanges="orientation|keyboardHidden|keyboard|screenSize|smallestScreenSize|locale|layoutDirection|fontScale|screenLayout|density|uiMode"
79-->src\main\AndroidManifest.xml:24:13-163
80            android:hardwareAccelerated="true"
80-->src\main\AndroidManifest.xml:25:13-47
81            android:launchMode="singleTop"
81-->src\main\AndroidManifest.xml:22:13-43
82            android:theme="@style/LaunchTheme"
82-->src\main\AndroidManifest.xml:23:13-47
83            android:windowSoftInputMode="adjustResize" >
83-->src\main\AndroidManifest.xml:26:13-55
84            <intent-filter>
84-->src\main\AndroidManifest.xml:27:13-30:29
85                <action android:name="android.intent.action.MAIN" />
85-->src\main\AndroidManifest.xml:28:17-68
85-->src\main\AndroidManifest.xml:28:25-66
86
87                <category android:name="android.intent.category.LAUNCHER" />
87-->src\main\AndroidManifest.xml:29:17-76
87-->src\main\AndroidManifest.xml:29:27-74
88            </intent-filter>
89            <intent-filter>
89-->src\main\AndroidManifest.xml:31:13-34:29
90                <action android:name="FLUTTER_NOTIFICATION_CLICK" />
90-->src\main\AndroidManifest.xml:32:17-69
90-->src\main\AndroidManifest.xml:32:25-66
91
92                <category android:name="android.intent.category.DEFAULT" />
92-->src\main\AndroidManifest.xml:33:17-76
92-->src\main\AndroidManifest.xml:33:27-73
93            </intent-filter>
94        </activity>
95
96        <receiver
96-->src\main\AndroidManifest.xml:36:10-107
97            android:name="com.dexterous.flutterlocalnotifications.ScheduledNotificationReceiver"
97-->src\main\AndroidManifest.xml:36:20-104
98            android:exported="false" />
98-->[:flutter_local_notifications] AndroidManifest.xml:15:13-37
99        <receiver
99-->src\main\AndroidManifest.xml:37:9-42:20
100            android:name="com.dexterous.flutterlocalnotifications.ScheduledNotificationBootReceiver"
100-->src\main\AndroidManifest.xml:37:19-107
101            android:exported="false" >
101-->[:flutter_local_notifications] AndroidManifest.xml:18:13-37
102            <intent-filter>
102-->src\main\AndroidManifest.xml:38:13-41:29
103                <action android:name="android.intent.action.BOOT_COMPLETED" />
103-->src\main\AndroidManifest.xml:39:17-78
103-->src\main\AndroidManifest.xml:39:25-76
104                <action android:name="android.intent.action.MY_PACKAGE_REPLACED" />
104-->src\main\AndroidManifest.xml:40:17-83
104-->src\main\AndroidManifest.xml:40:25-81
105            </intent-filter>
106            <intent-filter>
106-->[:flutter_local_notifications] AndroidManifest.xml:19:13-24:29
107                <action android:name="android.intent.action.BOOT_COMPLETED" />
107-->src\main\AndroidManifest.xml:39:17-78
107-->src\main\AndroidManifest.xml:39:25-76
108                <action android:name="android.intent.action.MY_PACKAGE_REPLACED" />
108-->src\main\AndroidManifest.xml:40:17-83
108-->src\main\AndroidManifest.xml:40:25-81
109                <action android:name="android.intent.action.QUICKBOOT_POWERON" />
109-->[:flutter_local_notifications] AndroidManifest.xml:22:17-82
109-->[:flutter_local_notifications] AndroidManifest.xml:22:25-79
110                <action android:name="com.htc.intent.action.QUICKBOOT_POWERON" />
110-->[:flutter_local_notifications] AndroidManifest.xml:23:17-82
110-->[:flutter_local_notifications] AndroidManifest.xml:23:25-79
111            </intent-filter>
112        </receiver>
113        <!--
114             Don't delete the meta-data below.
115             This is used by the Flutter tool to generate GeneratedPluginRegistrant.java
116        -->
117        <meta-data
117-->src\main\AndroidManifest.xml:45:9-47:33
118            android:name="flutterEmbedding"
118-->src\main\AndroidManifest.xml:46:13-44
119            android:value="2" />
119-->src\main\AndroidManifest.xml:47:13-30
120
121        <service
121-->[:firebase_messaging] AndroidManifest.xml:12:9-15:72
122            android:name="io.flutter.plugins.firebase.messaging.FlutterFirebaseMessagingBackgroundService"
122-->[:firebase_messaging] AndroidManifest.xml:13:13-107
123            android:exported="false"
123-->[:firebase_messaging] AndroidManifest.xml:14:13-37
124            android:permission="android.permission.BIND_JOB_SERVICE" />
124-->[:firebase_messaging] AndroidManifest.xml:15:13-69
125        <service
125-->[:firebase_messaging] AndroidManifest.xml:16:9-22:19
126            android:name="io.flutter.plugins.firebase.messaging.FlutterFirebaseMessagingService"
126-->[:firebase_messaging] AndroidManifest.xml:17:13-97
127            android:exported="false" >
127-->[:firebase_messaging] AndroidManifest.xml:18:13-37
128            <intent-filter>
128-->[:firebase_messaging] AndroidManifest.xml:19:13-21:29
129                <action android:name="com.google.firebase.MESSAGING_EVENT" />
129-->[:firebase_messaging] AndroidManifest.xml:20:17-78
129-->[:firebase_messaging] AndroidManifest.xml:20:25-75
130            </intent-filter>
131        </service>
132
133        <receiver
133-->[:firebase_messaging] AndroidManifest.xml:24:9-31:20
134            android:name="io.flutter.plugins.firebase.messaging.FlutterFirebaseMessagingReceiver"
134-->[:firebase_messaging] AndroidManifest.xml:25:13-98
135            android:exported="true"
135-->[:firebase_messaging] AndroidManifest.xml:26:13-36
136            android:permission="com.google.android.c2dm.permission.SEND" >
136-->[:firebase_messaging] AndroidManifest.xml:27:13-73
137            <intent-filter>
137-->[:firebase_messaging] AndroidManifest.xml:28:13-30:29
138                <action android:name="com.google.android.c2dm.intent.RECEIVE" />
138-->[:firebase_messaging] AndroidManifest.xml:29:17-81
138-->[:firebase_messaging] AndroidManifest.xml:29:25-78
139            </intent-filter>
140        </receiver>
141
142        <service
142-->[:firebase_messaging] AndroidManifest.xml:33:9-37:19
143            android:name="com.google.firebase.components.ComponentDiscoveryService"
143-->[:firebase_messaging] AndroidManifest.xml:33:18-89
144            android:directBootAware="true"
144-->[com.google.firebase:firebase-common:20.0.0] AndroidManifest.xml:35:13-43
145            android:exported="false" >
145-->[com.google.firebase:firebase-messaging:23.0.0] AndroidManifest.xml:51:13-37
146            <meta-data
146-->[:firebase_messaging] AndroidManifest.xml:34:13-36:85
147                android:name="com.google.firebase.components:io.flutter.plugins.firebase.messaging.FlutterFirebaseAppRegistrar"
147-->[:firebase_messaging] AndroidManifest.xml:35:17-128
148                android:value="com.google.firebase.components.ComponentRegistrar" />
148-->[:firebase_messaging] AndroidManifest.xml:36:17-82
149            <meta-data
149-->[:firebase_core] AndroidManifest.xml:9:13-11:85
150                android:name="com.google.firebase.components:io.flutter.plugins.firebase.core.FlutterFirebaseCoreRegistrar"
150-->[:firebase_core] AndroidManifest.xml:10:17-124
151                android:value="com.google.firebase.components.ComponentRegistrar" />
151-->[:firebase_core] AndroidManifest.xml:11:17-82
152            <meta-data
152-->[com.google.firebase:firebase-messaging:23.0.0] AndroidManifest.xml:52:13-54:85
153                android:name="com.google.firebase.components:com.google.firebase.messaging.FirebaseMessagingRegistrar"
153-->[com.google.firebase:firebase-messaging:23.0.0] AndroidManifest.xml:53:17-119
154                android:value="com.google.firebase.components.ComponentRegistrar" />
154-->[com.google.firebase:firebase-messaging:23.0.0] AndroidManifest.xml:54:17-82
155            <meta-data
155-->[com.google.firebase:firebase-datatransport:18.0.0] AndroidManifest.xml:28:13-30:85
156                android:name="com.google.firebase.components:com.google.firebase.datatransport.TransportRegistrar"
156-->[com.google.firebase:firebase-datatransport:18.0.0] AndroidManifest.xml:29:17-115
157                android:value="com.google.firebase.components.ComponentRegistrar" />
157-->[com.google.firebase:firebase-datatransport:18.0.0] AndroidManifest.xml:30:17-82
158            <meta-data
158-->[com.google.firebase:firebase-installations:17.0.0] AndroidManifest.xml:18:13-20:85
159                android:name="com.google.firebase.components:com.google.firebase.installations.FirebaseInstallationsRegistrar"
159-->[com.google.firebase:firebase-installations:17.0.0] AndroidManifest.xml:19:17-127
160                android:value="com.google.firebase.components.ComponentRegistrar" />
160-->[com.google.firebase:firebase-installations:17.0.0] AndroidManifest.xml:20:17-82
161        </service>
162
163        <provider
163-->[:firebase_messaging] AndroidManifest.xml:39:9-43:38
164            android:name="io.flutter.plugins.firebase.messaging.FlutterFirebaseMessagingInitProvider"
164-->[:firebase_messaging] AndroidManifest.xml:40:13-102
165            android:authorities="com.foodzone.delivery_boy.flutterfirebasemessaginginitprovider"
165-->[:firebase_messaging] AndroidManifest.xml:41:13-88
166            android:exported="false"
166-->[:firebase_messaging] AndroidManifest.xml:42:13-37
167            android:initOrder="99" />
167-->[:firebase_messaging] AndroidManifest.xml:43:13-35
168
169        <activity
169-->[:url_launcher_android] AndroidManifest.xml:8:9-11:74
170            android:name="io.flutter.plugins.urllauncher.WebViewActivity"
170-->[:url_launcher_android] AndroidManifest.xml:9:13-74
171            android:exported="false"
171-->[:url_launcher_android] AndroidManifest.xml:10:13-37
172            android:theme="@android:style/Theme.NoTitleBar.Fullscreen" />
172-->[:url_launcher_android] AndroidManifest.xml:11:13-71
173
174        <service
174-->[:location] AndroidManifest.xml:11:9-15:56
175            android:name="com.lyokone.location.FlutterLocationService"
175-->[:location] AndroidManifest.xml:12:13-71
176            android:enabled="true"
176-->[:location] AndroidManifest.xml:13:13-35
177            android:exported="false"
177-->[:location] AndroidManifest.xml:14:13-37
178            android:foregroundServiceType="location" />
178-->[:location] AndroidManifest.xml:15:13-53
179
180        <receiver
180-->[com.google.firebase:firebase-messaging:23.0.0] AndroidManifest.xml:28:9-35:20
181            android:name="com.google.firebase.iid.FirebaseInstanceIdReceiver"
181-->[com.google.firebase:firebase-messaging:23.0.0] AndroidManifest.xml:29:13-78
182            android:exported="true"
182-->[com.google.firebase:firebase-messaging:23.0.0] AndroidManifest.xml:30:13-36
183            android:permission="com.google.android.c2dm.permission.SEND" >
183-->[com.google.firebase:firebase-messaging:23.0.0] AndroidManifest.xml:31:13-73
184            <intent-filter>
184-->[:firebase_messaging] AndroidManifest.xml:28:13-30:29
185                <action android:name="com.google.android.c2dm.intent.RECEIVE" />
185-->[:firebase_messaging] AndroidManifest.xml:29:17-81
185-->[:firebase_messaging] AndroidManifest.xml:29:25-78
186            </intent-filter>
187        </receiver>
188        <!--
189             FirebaseMessagingService performs security checks at runtime,
190             but set to not exported to explicitly avoid allowing another app to call it.
191        -->
192        <service
192-->[com.google.firebase:firebase-messaging:23.0.0] AndroidManifest.xml:41:9-48:19
193            android:name="com.google.firebase.messaging.FirebaseMessagingService"
193-->[com.google.firebase:firebase-messaging:23.0.0] AndroidManifest.xml:42:13-82
194            android:directBootAware="true"
194-->[com.google.firebase:firebase-messaging:23.0.0] AndroidManifest.xml:43:13-43
195            android:exported="false" >
195-->[com.google.firebase:firebase-messaging:23.0.0] AndroidManifest.xml:44:13-37
196            <intent-filter android:priority="-500" >
196-->[:firebase_messaging] AndroidManifest.xml:19:13-21:29
197                <action android:name="com.google.firebase.MESSAGING_EVENT" />
197-->[:firebase_messaging] AndroidManifest.xml:20:17-78
197-->[:firebase_messaging] AndroidManifest.xml:20:25-75
198            </intent-filter>
199        </service>
200
201        <provider
201-->[com.google.firebase:firebase-common:20.0.0] AndroidManifest.xml:26:9-31:39
202            android:name="com.google.firebase.provider.FirebaseInitProvider"
202-->[com.google.firebase:firebase-common:20.0.0] AndroidManifest.xml:27:13-77
203            android:authorities="com.foodzone.delivery_boy.firebaseinitprovider"
203-->[com.google.firebase:firebase-common:20.0.0] AndroidManifest.xml:28:13-72
204            android:directBootAware="true"
204-->[com.google.firebase:firebase-common:20.0.0] AndroidManifest.xml:29:13-43
205            android:exported="false"
205-->[com.google.firebase:firebase-common:20.0.0] AndroidManifest.xml:30:13-37
206            android:initOrder="100" /> <!-- Needs to be explicitly declared on P+ -->
206-->[com.google.firebase:firebase-common:20.0.0] AndroidManifest.xml:31:13-36
207        <uses-library
207-->[com.google.android.gms:play-services-maps:17.0.0] AndroidManifest.xml:33:9-35:40
208            android:name="org.apache.http.legacy"
208-->[com.google.android.gms:play-services-maps:17.0.0] AndroidManifest.xml:34:13-50
209            android:required="false" />
209-->[com.google.android.gms:play-services-maps:17.0.0] AndroidManifest.xml:35:13-37
210
211        <activity
211-->[com.google.android.gms:play-services-base:17.0.0] AndroidManifest.xml:23:9-26:75
212            android:name="com.google.android.gms.common.api.GoogleApiActivity"
212-->[com.google.android.gms:play-services-base:17.0.0] AndroidManifest.xml:24:13-79
213            android:exported="false"
213-->[com.google.android.gms:play-services-base:17.0.0] AndroidManifest.xml:25:13-37
214            android:theme="@android:style/Theme.Translucent.NoTitleBar" />
214-->[com.google.android.gms:play-services-base:17.0.0] AndroidManifest.xml:26:13-72
215
216        <meta-data
216-->[com.google.android.gms:play-services-basement:17.0.0] AndroidManifest.xml:23:9-25:69
217            android:name="com.google.android.gms.version"
217-->[com.google.android.gms:play-services-basement:17.0.0] AndroidManifest.xml:24:13-58
218            android:value="@integer/google_play_services_version" />
218-->[com.google.android.gms:play-services-basement:17.0.0] AndroidManifest.xml:25:13-66
219
220        <provider
220-->[androidx.emoji2:emoji2:1.0.0] AndroidManifest.xml:26:9-34:20
221            android:name="androidx.startup.InitializationProvider"
221-->[androidx.emoji2:emoji2:1.0.0] AndroidManifest.xml:27:13-67
222            android:authorities="com.foodzone.delivery_boy.androidx-startup"
222-->[androidx.emoji2:emoji2:1.0.0] AndroidManifest.xml:28:13-68
223            android:exported="false" >
223-->[androidx.emoji2:emoji2:1.0.0] AndroidManifest.xml:29:13-37
224            <meta-data
224-->[androidx.emoji2:emoji2:1.0.0] AndroidManifest.xml:31:13-33:52
225                android:name="androidx.emoji2.text.EmojiCompatInitializer"
225-->[androidx.emoji2:emoji2:1.0.0] AndroidManifest.xml:32:17-75
226                android:value="androidx.startup" />
226-->[androidx.emoji2:emoji2:1.0.0] AndroidManifest.xml:33:17-49
227            <meta-data
227-->[androidx.lifecycle:lifecycle-process:2.4.0] AndroidManifest.xml:31:13-33:52
228                android:name="androidx.lifecycle.ProcessLifecycleInitializer"
228-->[androidx.lifecycle:lifecycle-process:2.4.0] AndroidManifest.xml:32:17-78
229                android:value="androidx.startup" />
229-->[androidx.lifecycle:lifecycle-process:2.4.0] AndroidManifest.xml:33:17-49
230        </provider>
231
232        <service
232-->[com.google.android.datatransport:transport-backend-cct:3.0.0] AndroidManifest.xml:29:9-35:19
233            android:name="com.google.android.datatransport.runtime.backends.TransportBackendDiscovery"
233-->[com.google.android.datatransport:transport-backend-cct:3.0.0] AndroidManifest.xml:30:13-103
234            android:exported="false" >
234-->[com.google.android.datatransport:transport-backend-cct:3.0.0] AndroidManifest.xml:31:13-37
235            <meta-data
235-->[com.google.android.datatransport:transport-backend-cct:3.0.0] AndroidManifest.xml:32:13-34:39
236                android:name="backend:com.google.android.datatransport.cct.CctBackendFactory"
236-->[com.google.android.datatransport:transport-backend-cct:3.0.0] AndroidManifest.xml:33:17-94
237                android:value="cct" />
237-->[com.google.android.datatransport:transport-backend-cct:3.0.0] AndroidManifest.xml:34:17-36
238        </service>
239        <service
239-->[com.google.android.datatransport:transport-runtime:3.0.0] AndroidManifest.xml:26:9-30:19
240            android:name="com.google.android.datatransport.runtime.scheduling.jobscheduling.JobInfoSchedulerService"
240-->[com.google.android.datatransport:transport-runtime:3.0.0] AndroidManifest.xml:27:13-117
241            android:exported="false"
241-->[com.google.android.datatransport:transport-runtime:3.0.0] AndroidManifest.xml:28:13-37
242            android:permission="android.permission.BIND_JOB_SERVICE" >
242-->[com.google.android.datatransport:transport-runtime:3.0.0] AndroidManifest.xml:29:13-69
243        </service>
244
245        <receiver
245-->[com.google.android.datatransport:transport-runtime:3.0.0] AndroidManifest.xml:32:9-34:40
246            android:name="com.google.android.datatransport.runtime.scheduling.jobscheduling.AlarmManagerSchedulerBroadcastReceiver"
246-->[com.google.android.datatransport:transport-runtime:3.0.0] AndroidManifest.xml:33:13-132
247            android:exported="false" />
247-->[com.google.android.datatransport:transport-runtime:3.0.0] AndroidManifest.xml:34:13-37
248
249        <activity
249-->[com.journeyapps:zxing-android-embedded:4.3.0] AndroidManifest.xml:47:9-53:63
250            android:name="com.journeyapps.barcodescanner.CaptureActivity"
250-->[com.journeyapps:zxing-android-embedded:4.3.0] AndroidManifest.xml:48:13-74
251            android:clearTaskOnLaunch="true"
251-->[com.journeyapps:zxing-android-embedded:4.3.0] AndroidManifest.xml:49:13-45
252            android:screenOrientation="sensorLandscape"
252-->[com.journeyapps:zxing-android-embedded:4.3.0] AndroidManifest.xml:50:13-56
253            android:stateNotNeeded="true"
253-->[com.journeyapps:zxing-android-embedded:4.3.0] AndroidManifest.xml:51:13-42
254            android:theme="@style/zxing_CaptureTheme"
254-->[com.journeyapps:zxing-android-embedded:4.3.0] AndroidManifest.xml:52:13-54
255            android:windowSoftInputMode="stateAlwaysHidden" />
255-->[com.journeyapps:zxing-android-embedded:4.3.0] AndroidManifest.xml:53:13-60
256    </application>
257
258</manifest>